<?xml version="1.0" encoding="UTF-8"?>
<testng-results ignored="0" total="1" passed="1" failed="0" skipped="0">
  <reporter-output>
  </reporter-output>
  <suite started-at="2024-11-17T14:42:19 IST" name="Default suite" finished-at="2024-11-17T14:42:33 IST" duration-ms="13586">
    <groups>
    </groups>
    <test started-at="2024-11-17T14:42:19 IST" name="Default test" finished-at="2024-11-17T14:42:33 IST" duration-ms="13586">
      <class name="tutorialsNinja.Register.TC_RF_005">
        <test-method signature="verifyNewsletterOptions()[pri:0, instance:tutorialsNinja.Register.TC_RF_005@4d5d943d]" started-at="2024-11-17T14:42:19 IST" name="verifyNewsletterOptions" finished-at="2024-11-17T14:42:33 IST" duration-ms="13507" status="PASS">
          <reporter-output>
          </reporter-output>
        </test-method> <!-- verifyNewsletterOptions -->
      </class> <!-- tutorialsNinja.Register.TC_RF_005 -->
    </test> <!-- Default test -->
  </suite> <!-- Default suite -->
</testng-results>
